TN:
SF:/home/dparo/develop/dpcc/tests/parser_test.c
FN:15,str_to_i32_assert
FNDA:6,str_to_i32_assert
FN:27,str_to_f32_assert
FNDA:40,str_to_f32_assert
FN:40,str_to_literal_test
FNDA:1,str_to_literal_test
FN:51,main
FNDA:1,main
FN:63,setUp
FNDA:1,setUp
FN:68,tearDown
FNDA:1,tearDown
DA:15,6
DA:17,6
DA:18,6
DA:19,6
DA:20,6
DA:21,6
DA:23,0
DA:25,6
DA:27,40
DA:29,40
DA:30,40
DA:31,40
DA:32,40
DA:33,40
DA:34,40
DA:36,0
DA:38,40
DA:40,1
DA:42,7
DA:43,6
DA:46,41
DA:47,40
DA:49,1
DA:51,1
DA:53,1
DA:56,1
DA:59,1
DA:63,1
DA:65,1
DA:68,1
DA:70,1
end_of_record
TN:
SF:/home/dparo/develop/dpcc/tests/lexer_test.c
FN:15,number_lexing_test
FNDA:1,number_lexing_test
FN:30,lex_test
FNDA:0,lex_test
FN:79,main
FNDA:1,main
FN:91,setUp
FNDA:1,setUp
FN:96,tearDown
FNDA:1,tearDown
DA:15,1
DA:17,7
DA:18,6
DA:19,6
DA:20,6
DA:23,41
DA:24,40
DA:25,40
DA:26,40
DA:28,1
DA:30,0
DA:32,0
DA:33,0
DA:35,0
DA:38,0
DA:53,0
DA:54,0
DA:56,0
DA:58,0
DA:59,0
DA:60,0
DA:70,0
DA:71,0
DA:73,0
DA:74,0
DA:76,0
DA:77,0
DA:79,1
DA:81,1
DA:84,1
DA:87,1
DA:91,1
DA:93,1
DA:96,1
DA:98,1
end_of_record
